<?xml version="1.0" encoding="UTF-8"?>
<coverage generated="1568581139685" clover="3.2.0">
  <project timestamp="1568581139686" name="All files">
    <metrics statements="23" coveredstatements="22" conditionals="17" coveredconditionals="16" methods="2" coveredmethods="2" elements="42" coveredelements="40" complexity="0" loc="23" ncloc="23" packages="1" files="2" classes="2"/>
    <file name="getdiff.js" path="/home/vitaliy/Projects/frontend-project-lvl2/src/getdiff.js">
      <metrics statements="23" coveredstatements="22" conditionals="17" coveredconditionals="16" methods="2" coveredmethods="2"/>
      <line num="3" count="1" type="stmt"/>
      <line num="4" count="1" type="stmt"/>
      <line num="7" count="2" type="stmt"/>
      <line num="8" count="2" type="stmt"/>
      <line num="10" count="2" type="stmt"/>
      <line num="11" count="2" type="stmt"/>
      <line num="13" count="2" type="stmt"/>
      <line num="14" count="2" type="stmt"/>
      <line num="16" count="2" type="stmt"/>
      <line num="17" count="2" type="stmt"/>
      <line num="18" count="2" type="stmt"/>
      <line num="20" count="2" type="stmt"/>
      <line num="22" count="10" type="cond" truecount="5" falsecount="0"/>
      <line num="23" count="2" type="stmt"/>
      <line num="25" count="8" type="cond" truecount="4" falsecount="0"/>
      <line num="26" count="2" type="stmt"/>
      <line num="32" count="6" type="cond" truecount="4" falsecount="0"/>
      <line num="33" count="3" type="stmt"/>
      <line num="35" count="3" type="cond" truecount="3" falsecount="1"/>
      <line num="36" count="3" type="stmt"/>
      <line num="38" count="0" type="stmt"/>
      <line num="42" count="2" type="stmt"/>
      <line num="43" count="2" type="stmt"/>
    </file>
    <file name="index.js" path="/home/vitaliy/Projects/frontend-project-lvl2/src/index.js">
      <metrics statements="0" coveredstatements="0" conditionals="0" coveredconditionals="0" methods="0" coveredmethods="0"/>
    </file>
  </project>
</coverage>
