TN:
SF:/home/vitaliy/Projects/frontend-project-lvl2/src/getdiff.js
FN:6,(anonymous_0)
FN:21,(anonymous_1)
FNF:2
FNH:2
FNDA:2,(anonymous_0)
FNDA:10,(anonymous_1)
DA:3,1
DA:4,1
DA:7,2
DA:8,2
DA:10,2
DA:11,2
DA:13,2
DA:14,2
DA:16,2
DA:17,2
DA:18,2
DA:20,2
DA:22,10
DA:23,2
DA:25,8
DA:26,2
DA:32,6
DA:33,3
DA:35,3
DA:36,3
DA:38,0
DA:42,2
DA:43,2
LF:23
LH:22
BRDA:22,0,0,2
BRDA:22,0,1,8
BRDA:22,1,0,10
BRDA:22,1,1,7
BRDA:22,1,2,4
BRDA:25,2,0,2
BRDA:25,2,1,6
BRDA:25,3,0,8
BRDA:25,3,1,5
BRDA:32,4,0,3
BRDA:32,4,1,3
BRDA:32,5,0,6
BRDA:32,5,1,3
BRDA:35,6,0,3
BRDA:35,6,1,0
BRDA:35,7,0,3
BRDA:35,7,1,3
BRF:17
BRH:16
end_of_record
TN:
SF:/home/vitaliy/Projects/frontend-project-lvl2/src/index.js
FNF:0
FNH:0
LF:0
LH:0
BRF:0
BRH:0
end_of_record
